<?xml version="1.0" encoding="UTF-8"?>
<!-- Generated by org.testng.reporters.JUnitReportReporter -->
<testsuite skipped="0" hostname="5ZXLQQ2" name="testCases.ExecuteTest" tests="1" failures="0" timestamp="04 Sep 2018 02:59:38 GMT" time="532.790" errors="0">
  <testcase name="testLogin" time="532.790" classname="testCases.ExecuteTest"/>
</testsuite> <!-- testCases.ExecuteTest -->
